{"ip":"127.0.0.1","level":"error","message":"[POST /admin/cases/69ca63895b7f2db94e26212d/updates] invalid csrf token","stack":"ForbiddenError: invalid csrf token\n    at csrf (C:\\Users\\basil\\Desktop\\Jussur Sanabel\\node_modules\\csurf\\index.js:112:19)\n    at C:\\Users\\basil\\Desktop\\Jussur Sanabel\\app.js:87:3\n    at Layer.handleRequest (C:\\Users\\basil\\Desktop\\Jussur Sanabel\\node_modules\\router\\lib\\layer.js:152:17)\n    at trimPrefix (C:\\Users\\basil\\Desktop\\Jussur Sanabel\\node_modules\\router\\index.js:342:13)\n    at C:\\Users\\basil\\Desktop\\Jussur Sanabel\\node_modules\\router\\index.js:297:9\n    at processParams (C:\\Users\\basil\\Desktop\\Jussur Sanabel\\node_modules\\router\\index.js:582:12)\n    at next (C:\\Users\\basil\\Desktop\\Jussur Sanabel\\node_modules\\router\\index.js:291:5)\n    at C:\\Users\\basil\\Desktop\\Jussur Sanabel\\node_modules\\connect-flash\\lib\\flash.js:21:5\n    at Layer.handleRequest (C:\\Users\\basil\\Desktop\\Jussur Sanabel\\node_modules\\router\\lib\\layer.js:152:17)\n    at trimPrefix (C:\\Users\\basil\\Desktop\\Jussur Sanabel\\node_modules\\router\\index.js:342:13)","timestamp":"2026-03-31 08:52:35"}
{"ip":"127.0.0.1","level":"error","message":"[POST /admin/cases/69ca63895b7f2db94e26212d/updates] invalid csrf token","stack":"ForbiddenError: invalid csrf token\n    at csrf (C:\\Users\\basil\\Desktop\\Jussur Sanabel\\node_modules\\csurf\\index.js:112:19)\n    at C:\\Users\\basil\\Desktop\\Jussur Sanabel\\app.js:87:3\n    at Layer.handleRequest (C:\\Users\\basil\\Desktop\\Jussur Sanabel\\node_modules\\router\\lib\\layer.js:152:17)\n    at trimPrefix (C:\\Users\\basil\\Desktop\\Jussur Sanabel\\node_modules\\router\\index.js:342:13)\n    at C:\\Users\\basil\\Desktop\\Jussur Sanabel\\node_modules\\router\\index.js:297:9\n    at processParams (C:\\Users\\basil\\Desktop\\Jussur Sanabel\\node_modules\\router\\index.js:582:12)\n    at next (C:\\Users\\basil\\Desktop\\Jussur Sanabel\\node_modules\\router\\index.js:291:5)\n    at C:\\Users\\basil\\Desktop\\Jussur Sanabel\\node_modules\\connect-flash\\lib\\flash.js:21:5\n    at Layer.handleRequest (C:\\Users\\basil\\Desktop\\Jussur Sanabel\\node_modules\\router\\lib\\layer.js:152:17)\n    at trimPrefix (C:\\Users\\basil\\Desktop\\Jussur Sanabel\\node_modules\\router\\index.js:342:13)","timestamp":"2026-03-31 08:54:05"}
{"ip":"127.0.0.1","level":"error","message":"[POST /admin/cases/69ca63895b7f2db94e26212d/updates] invalid csrf token","stack":"ForbiddenError: invalid csrf token\n    at csrf (C:\\Users\\basil\\Desktop\\Jussur Sanabel\\node_modules\\csurf\\index.js:112:19)\n    at C:\\Users\\basil\\Desktop\\Jussur Sanabel\\app.js:87:3\n    at Layer.handleRequest (C:\\Users\\basil\\Desktop\\Jussur Sanabel\\node_modules\\router\\lib\\layer.js:152:17)\n    at trimPrefix (C:\\Users\\basil\\Desktop\\Jussur Sanabel\\node_modules\\router\\index.js:342:13)\n    at C:\\Users\\basil\\Desktop\\Jussur Sanabel\\node_modules\\router\\index.js:297:9\n    at processParams (C:\\Users\\basil\\Desktop\\Jussur Sanabel\\node_modules\\router\\index.js:582:12)\n    at next (C:\\Users\\basil\\Desktop\\Jussur Sanabel\\node_modules\\router\\index.js:291:5)\n    at C:\\Users\\basil\\Desktop\\Jussur Sanabel\\node_modules\\connect-flash\\lib\\flash.js:21:5\n    at Layer.handleRequest (C:\\Users\\basil\\Desktop\\Jussur Sanabel\\node_modules\\router\\lib\\layer.js:152:17)\n    at trimPrefix (C:\\Users\\basil\\Desktop\\Jussur Sanabel\\node_modules\\router\\index.js:342:13)","timestamp":"2026-03-31 08:56:24"}
{"ip":"127.0.0.1","level":"error","message":"[GET /admin/escalations] C:\\Users\\basil\\Desktop\\Jussur Sanabel\\views\\pages\\admin\\escalations-center.ejs:51\n    49|                                     <div style=\"display: flex; align-items: center; gap: 10px;\">\n    50|                                         <div style=\"width: 32px; height: 32px; border-radius: 50%; background: var(--grad-navy); display: flex; align-items: center; justify-content: center; color: white; font-size: 0.75rem; font-weight: 800; flex-shrink: 0;\">\n >> 51|                                             <%= reqObj.requester.name.charAt(0) %>\n    52|                                         </div>\n    53|                                         <div>\n    54|                                             <div style=\"font-weight: 700; color: var(--primary);\"><%= reqObj.requester.name %></div>\n\nCannot read properties of undefined (reading 'charAt')","stack":"TypeError: C:\\Users\\basil\\Desktop\\Jussur Sanabel\\views\\pages\\admin\\escalations-center.ejs:51\n    49|                                     <div style=\"display: flex; align-items: center; gap: 10px;\">\n    50|                                         <div style=\"width: 32px; height: 32px; border-radius: 50%; background: var(--grad-navy); display: flex; align-items: center; justify-content: center; color: white; font-size: 0.75rem; font-weight: 800; flex-shrink: 0;\">\n >> 51|                                             <%= reqObj.requester.name.charAt(0) %>\n    52|                                         </div>\n    53|                                         <div>\n    54|                                             <div style=\"font-weight: 700; color: var(--primary);\"><%= reqObj.requester.name %></div>\n\nCannot read properties of undefined (reading 'charAt')\n    at eval (eval at compile (C:\\Users\\basil\\Desktop\\Jussur Sanabel\\node_modules\\ejs\\lib\\cjs\\ejs.js:603:18), <anonymous>:88:48)\n    at Array.forEach (<anonymous>)\n    at eval (eval at compile (C:\\Users\\basil\\Desktop\\Jussur Sanabel\\node_modules\\ejs\\lib\\cjs\\ejs.js:603:18), <anonymous>:70:17)\n    at escalations-center (C:\\Users\\basil\\Desktop\\Jussur Sanabel\\node_modules\\ejs\\lib\\cjs\\ejs.js:632:23)\n    at tryHandleCache (C:\\Users\\basil\\Desktop\\Jussur Sanabel\\node_modules\\ejs\\lib\\cjs\\ejs.js:253:42)\n    at ejs.renderFile [as engine] (C:\\Users\\basil\\Desktop\\Jussur Sanabel\\node_modules\\ejs\\lib\\cjs\\ejs.js:444:12)\n    at View.render (C:\\Users\\basil\\Desktop\\Jussur Sanabel\\node_modules\\express\\lib\\view.js:139:8)\n    at tryRender (C:\\Users\\basil\\Desktop\\Jussur Sanabel\\node_modules\\express\\lib\\application.js:627:10)\n    at app.render (C:\\Users\\basil\\Desktop\\Jussur Sanabel\\node_modules\\express\\lib\\application.js:574:3)\n    at ServerResponse.render (C:\\Users\\basil\\Desktop\\Jussur Sanabel\\node_modules\\express\\lib\\response.js:923:7)","timestamp":"2026-03-31 09:28:19"}
{"level":"warn","message":"MongoDB connection lost. Attempting automatic reconnection...","timestamp":"2026-03-31 14:36:40"}
{"level":"info","message":"MongoDB connected successfully","timestamp":"2026-03-31 14:37:19"}
{"level":"warn","message":"MongoDB connection lost. Attempting automatic reconnection...","timestamp":"2026-03-31 14:37:20"}
{"level":"info","message":"MongoDB connected successfully","timestamp":"2026-03-31 14:37:21"}
{"level":"info","message":"MongoDB reconnected successfully","timestamp":"2026-03-31 14:37:21"}
{"level":"warn","message":"MongoDB connection lost. Attempting automatic reconnection...","timestamp":"2026-03-31 14:37:22"}
{"level":"warn","message":"MongoDB connection lost. Attempting automatic reconnection...","timestamp":"2026-03-31 14:37:40"}
{"level":"info","message":"MongoDB connected successfully","timestamp":"2026-03-31 14:37:50"}
{"level":"warn","message":"MongoDB connection lost. Attempting automatic reconnection...","timestamp":"2026-03-31 14:37:50"}
{"level":"info","message":"MongoDB connected successfully","timestamp":"2026-03-31 14:37:50"}
{"level":"info","message":"MongoDB reconnected successfully","timestamp":"2026-03-31 14:37:50"}
{"level":"warn","message":"MongoDB connection lost. Attempting automatic reconnection...","timestamp":"2026-03-31 14:37:51"}
{"level":"info","message":"MongoDB connected successfully","timestamp":"2026-03-31 14:37:54"}
{"level":"info","message":"MongoDB reconnected successfully","timestamp":"2026-03-31 14:37:54"}
{"level":"warn","message":"MongoDB connection lost. Attempting automatic reconnection...","timestamp":"2026-03-31 14:37:55"}
{"level":"info","message":"MongoDB connected successfully","timestamp":"2026-03-31 14:37:55"}
{"level":"info","message":"MongoDB reconnected successfully","timestamp":"2026-03-31 14:37:55"}
{"level":"warn","message":"MongoDB connection lost. Attempting automatic reconnection...","timestamp":"2026-03-31 14:37:55"}
{"level":"info","message":"MongoDB connected successfully","timestamp":"2026-03-31 14:37:56"}
{"level":"info","message":"MongoDB reconnected successfully","timestamp":"2026-03-31 14:37:56"}
{"level":"warn","message":"MongoDB connection lost. Attempting automatic reconnection...","timestamp":"2026-03-31 14:37:56"}
{"level":"info","message":"MongoDB connected successfully","timestamp":"2026-03-31 14:37:56"}
{"level":"info","message":"MongoDB reconnected successfully","timestamp":"2026-03-31 14:37:56"}
{"level":"warn","message":"MongoDB connection lost. Attempting automatic reconnection...","timestamp":"2026-03-31 14:37:56"}
{"level":"info","message":"MongoDB connected successfully","timestamp":"2026-03-31 14:37:57"}
{"level":"info","message":"MongoDB reconnected successfully","timestamp":"2026-03-31 14:37:57"}
{"level":"warn","message":"MongoDB connection lost. Attempting automatic reconnection...","timestamp":"2026-03-31 14:37:57"}
{"level":"info","message":"MongoDB connected successfully","timestamp":"2026-03-31 14:37:57"}
{"level":"info","message":"MongoDB reconnected successfully","timestamp":"2026-03-31 14:37:57"}
{"level":"warn","message":"MongoDB connection lost. Attempting automatic reconnection...","timestamp":"2026-03-31 14:37:57"}
{"level":"info","message":"MongoDB connected successfully","timestamp":"2026-03-31 14:37:58"}
{"level":"info","message":"MongoDB reconnected successfully","timestamp":"2026-03-31 14:37:58"}
{"level":"warn","message":"MongoDB connection lost. Attempting automatic reconnection...","timestamp":"2026-03-31 14:37:58"}
{"level":"info","message":"MongoDB connected successfully","timestamp":"2026-03-31 14:37:59"}
{"level":"info","message":"MongoDB reconnected successfully","timestamp":"2026-03-31 14:37:59"}
{"level":"warn","message":"MongoDB connection lost. Attempting automatic reconnection...","timestamp":"2026-03-31 14:37:59"}
{"level":"info","message":"MongoDB connected successfully","timestamp":"2026-03-31 14:37:59"}
{"level":"info","message":"MongoDB reconnected successfully","timestamp":"2026-03-31 14:37:59"}
{"level":"warn","message":"MongoDB connection lost. Attempting automatic reconnection...","timestamp":"2026-03-31 14:37:59"}
{"level":"info","message":"MongoDB connected successfully","timestamp":"2026-03-31 14:38:00"}
{"level":"info","message":"MongoDB reconnected successfully","timestamp":"2026-03-31 14:38:00"}
{"level":"warn","message":"MongoDB connection lost. Attempting automatic reconnection...","timestamp":"2026-03-31 14:38:00"}
{"level":"info","message":"MongoDB connected successfully","timestamp":"2026-03-31 14:38:10"}
{"level":"info","message":"MongoDB reconnected successfully","timestamp":"2026-03-31 14:38:10"}
{"level":"warn","message":"MongoDB connection lost. Attempting automatic reconnection...","timestamp":"2026-03-31 14:38:37"}
{"level":"info","message":"MongoDB connected successfully","timestamp":"2026-03-31 14:38:37"}
{"level":"info","message":"MongoDB reconnected successfully","timestamp":"2026-03-31 14:38:37"}
{"level":"warn","message":"MongoDB connection lost. Attempting automatic reconnection...","timestamp":"2026-03-31 14:38:37"}
{"level":"info","message":"MongoDB connected successfully","timestamp":"2026-03-31 14:38:38"}
{"level":"info","message":"MongoDB reconnected successfully","timestamp":"2026-03-31 14:38:38"}
{"level":"warn","message":"MongoDB connection lost. Attempting automatic reconnection...","timestamp":"2026-03-31 14:38:38"}
{"level":"info","message":"MongoDB connected successfully","timestamp":"2026-03-31 14:38:38"}
{"level":"info","message":"MongoDB reconnected successfully","timestamp":"2026-03-31 14:38:38"}
{"level":"warn","message":"MongoDB connection lost. Attempting automatic reconnection...","timestamp":"2026-03-31 14:38:38"}
{"level":"info","message":"MongoDB connected successfully","timestamp":"2026-03-31 14:38:39"}
{"level":"info","message":"MongoDB reconnected successfully","timestamp":"2026-03-31 14:38:39"}
{"level":"warn","message":"MongoDB connection lost. Attempting automatic reconnection...","timestamp":"2026-03-31 14:38:39"}
{"level":"info","message":"MongoDB connected successfully","timestamp":"2026-03-31 14:38:39"}
{"level":"info","message":"MongoDB reconnected successfully","timestamp":"2026-03-31 14:38:39"}
{"level":"warn","message":"MongoDB connection lost. Attempting automatic reconnection...","timestamp":"2026-03-31 14:38:39"}
{"level":"info","message":"MongoDB connected successfully","timestamp":"2026-03-31 14:38:40"}
{"level":"info","message":"MongoDB reconnected successfully","timestamp":"2026-03-31 14:38:40"}
{"level":"warn","message":"MongoDB connection lost. Attempting automatic reconnection...","timestamp":"2026-03-31 14:38:40"}
{"level":"info","message":"MongoDB connected successfully","timestamp":"2026-03-31 14:38:40"}
{"level":"info","message":"MongoDB reconnected successfully","timestamp":"2026-03-31 14:38:40"}
{"level":"warn","message":"MongoDB connection lost. Attempting automatic reconnection...","timestamp":"2026-03-31 14:38:41"}
{"level":"info","message":"MongoDB connected successfully","timestamp":"2026-03-31 14:38:41"}
{"level":"info","message":"MongoDB reconnected successfully","timestamp":"2026-03-31 14:38:41"}
{"level":"warn","message":"MongoDB connection lost. Attempting automatic reconnection...","timestamp":"2026-03-31 14:38:41"}
{"level":"info","message":"MongoDB connected successfully","timestamp":"2026-03-31 14:38:42"}
{"level":"info","message":"MongoDB reconnected successfully","timestamp":"2026-03-31 14:38:42"}
{"level":"warn","message":"MongoDB connection lost. Attempting automatic reconnection...","timestamp":"2026-03-31 14:38:42"}
{"level":"info","message":"MongoDB connected successfully","timestamp":"2026-03-31 14:38:52"}
{"level":"info","message":"MongoDB reconnected successfully","timestamp":"2026-03-31 14:38:52"}
{"level":"warn","message":"MongoDB connection lost. Attempting automatic reconnection...","timestamp":"2026-03-31 14:39:46"}
{"level":"info","message":"MongoDB connected successfully","timestamp":"2026-03-31 14:39:46"}
{"level":"info","message":"MongoDB reconnected successfully","timestamp":"2026-03-31 14:39:46"}
{"level":"warn","message":"MongoDB connection lost. Attempting automatic reconnection...","timestamp":"2026-03-31 14:39:46"}
{"level":"info","message":"MongoDB connected successfully","timestamp":"2026-03-31 14:39:47"}
{"level":"info","message":"MongoDB reconnected successfully","timestamp":"2026-03-31 14:39:47"}
{"level":"warn","message":"MongoDB connection lost. Attempting automatic reconnection...","timestamp":"2026-03-31 14:39:47"}
{"level":"info","message":"MongoDB connected successfully","timestamp":"2026-03-31 14:39:47"}
{"level":"info","message":"MongoDB reconnected successfully","timestamp":"2026-03-31 14:39:47"}
{"level":"warn","message":"MongoDB connection lost. Attempting automatic reconnection...","timestamp":"2026-03-31 14:39:47"}
{"level":"info","message":"MongoDB connected successfully","timestamp":"2026-03-31 14:39:48"}
{"level":"info","message":"MongoDB reconnected successfully","timestamp":"2026-03-31 14:39:48"}
{"level":"warn","message":"MongoDB connection lost. Attempting automatic reconnection...","timestamp":"2026-03-31 14:39:48"}
{"level":"info","message":"MongoDB connected successfully","timestamp":"2026-03-31 14:39:48"}
{"level":"info","message":"MongoDB reconnected successfully","timestamp":"2026-03-31 14:39:48"}
{"level":"warn","message":"MongoDB connection lost. Attempting automatic reconnection...","timestamp":"2026-03-31 14:39:49"}
{"level":"info","message":"MongoDB connected successfully","timestamp":"2026-03-31 14:39:49"}
{"level":"info","message":"MongoDB reconnected successfully","timestamp":"2026-03-31 14:39:49"}
{"level":"warn","message":"MongoDB connection lost. Attempting automatic reconnection...","timestamp":"2026-03-31 14:39:49"}
{"level":"info","message":"MongoDB connected successfully","timestamp":"2026-03-31 14:39:50"}
{"level":"info","message":"MongoDB reconnected successfully","timestamp":"2026-03-31 14:39:50"}
{"level":"warn","message":"MongoDB connection lost. Attempting automatic reconnection...","timestamp":"2026-03-31 14:39:50"}
{"level":"info","message":"MongoDB connected successfully","timestamp":"2026-03-31 14:39:50"}
{"level":"info","message":"MongoDB reconnected successfully","timestamp":"2026-03-31 14:39:50"}
{"level":"warn","message":"MongoDB connection lost. Attempting automatic reconnection...","timestamp":"2026-03-31 14:39:50"}
{"level":"info","message":"MongoDB connected successfully","timestamp":"2026-03-31 14:39:51"}
{"level":"info","message":"MongoDB reconnected successfully","timestamp":"2026-03-31 14:39:51"}
{"level":"warn","message":"MongoDB connection lost. Attempting automatic reconnection...","timestamp":"2026-03-31 14:39:51"}
{"level":"info","message":"MongoDB connected successfully","timestamp":"2026-03-31 14:40:01"}
{"level":"info","message":"MongoDB reconnected successfully","timestamp":"2026-03-31 14:40:01"}
{"level":"warn","message":"MongoDB connection lost. Attempting automatic reconnection...","timestamp":"2026-03-31 14:40:07"}
{"level":"warn","message":"MongoDB connection lost. Attempting automatic reconnection...","timestamp":"2026-03-31 14:40:21"}
{"level":"info","message":"MongoDB connected successfully","timestamp":"2026-03-31 14:40:43"}
{"level":"warn","message":"MongoDB connection lost. Attempting automatic reconnection...","timestamp":"2026-03-31 14:40:43"}
{"level":"info","message":"MongoDB connected successfully","timestamp":"2026-03-31 14:40:44"}
{"level":"info","message":"MongoDB reconnected successfully","timestamp":"2026-03-31 14:40:44"}
{"level":"warn","message":"MongoDB connection lost. Attempting automatic reconnection...","timestamp":"2026-03-31 14:40:44"}
{"level":"info","message":"MongoDB connected successfully","timestamp":"2026-03-31 14:40:54"}
{"level":"info","message":"MongoDB reconnected successfully","timestamp":"2026-03-31 14:40:54"}
{"level":"warn","message":"MongoDB connection lost. Attempting automatic reconnection...","timestamp":"2026-03-31 14:41:02"}
{"level":"info","message":"MongoDB connected successfully","timestamp":"2026-03-31 14:41:04"}
{"level":"info","message":"MongoDB reconnected successfully","timestamp":"2026-03-31 14:41:04"}
{"level":"warn","message":"MongoDB connection lost. Attempting automatic reconnection...","timestamp":"2026-03-31 14:41:04"}
{"level":"info","message":"MongoDB connected successfully","timestamp":"2026-03-31 14:41:04"}
{"level":"info","message":"MongoDB reconnected successfully","timestamp":"2026-03-31 14:41:04"}
{"level":"warn","message":"MongoDB connection lost. Attempting automatic reconnection...","timestamp":"2026-03-31 14:41:05"}
{"level":"info","message":"MongoDB connected successfully","timestamp":"2026-03-31 14:41:05"}
{"level":"info","message":"MongoDB reconnected successfully","timestamp":"2026-03-31 14:41:05"}
{"level":"warn","message":"MongoDB connection lost. Attempting automatic reconnection...","timestamp":"2026-03-31 14:41:05"}
{"level":"info","message":"MongoDB connected successfully","timestamp":"2026-03-31 14:41:05"}
{"level":"info","message":"MongoDB reconnected successfully","timestamp":"2026-03-31 14:41:05"}
{"level":"warn","message":"MongoDB connection lost. Attempting automatic reconnection...","timestamp":"2026-03-31 14:41:06"}
{"level":"info","message":"MongoDB connected successfully","timestamp":"2026-03-31 14:41:06"}
{"level":"info","message":"MongoDB reconnected successfully","timestamp":"2026-03-31 14:41:06"}
{"level":"warn","message":"MongoDB connection lost. Attempting automatic reconnection...","timestamp":"2026-03-31 14:41:06"}
{"level":"info","message":"MongoDB connected successfully","timestamp":"2026-03-31 14:41:07"}
{"level":"info","message":"MongoDB reconnected successfully","timestamp":"2026-03-31 14:41:07"}
{"level":"warn","message":"MongoDB connection lost. Attempting automatic reconnection...","timestamp":"2026-03-31 14:41:07"}
{"level":"info","message":"MongoDB connected successfully","timestamp":"2026-03-31 14:41:08"}
{"level":"info","message":"MongoDB reconnected successfully","timestamp":"2026-03-31 14:41:08"}
{"level":"warn","message":"MongoDB connection lost. Attempting automatic reconnection...","timestamp":"2026-03-31 14:41:08"}
{"level":"info","message":"MongoDB connected successfully","timestamp":"2026-03-31 14:41:08"}
{"level":"info","message":"MongoDB reconnected successfully","timestamp":"2026-03-31 14:41:08"}
{"level":"warn","message":"MongoDB connection lost. Attempting automatic reconnection...","timestamp":"2026-03-31 14:41:08"}
{"level":"info","message":"MongoDB connected successfully","timestamp":"2026-03-31 14:41:09"}
{"level":"info","message":"MongoDB reconnected successfully","timestamp":"2026-03-31 14:41:09"}
{"level":"warn","message":"MongoDB connection lost. Attempting automatic reconnection...","timestamp":"2026-03-31 14:41:09"}
{"level":"info","message":"MongoDB connected successfully","timestamp":"2026-03-31 14:41:19"}
{"level":"info","message":"MongoDB reconnected successfully","timestamp":"2026-03-31 14:41:19"}
{"level":"warn","message":"MongoDB connection lost. Attempting automatic reconnection...","timestamp":"2026-03-31 14:41:24"}
{"level":"info","message":"MongoDB connected successfully","timestamp":"2026-03-31 14:41:40"}
{"level":"info","message":"MongoDB reconnected successfully","timestamp":"2026-03-31 14:41:40"}
{"level":"warn","message":"MongoDB connection lost. Attempting automatic reconnection...","timestamp":"2026-03-31 14:41:51"}
